shaderDemo.obj : error LNK2019: unresolved external symbol __imp_glewInit referenced in function main
shaderDemo.obj : error LNK2019: unresolved external symbol __imp_glutInitWindowPosition referenced in function main
shaderDemo.obj : error LNK2019: unresolved external symbol __imp_glutInitWindowSize referenced in function main
shaderDemo.obj : error LNK2019: unresolved external symbol __imp_glutInitDisplayMode referenced in function main
shaderDemo.obj : error LNK2019: unresolved external symbol __imp_glutMainLoop referenced in function main
shaderDemo.obj : error LNK2019: unresolved external symbol __imp_glutSwapBuffers referenced in function "void __cdecl renderScene(void)" (?renderScene@@YAXXZ)
shaderDemo.obj : error LNK2019: unresolved external symbol __imp_glutIdleFunc referenced in function main
shaderDemo.obj : error LNK2019: unresolved external symbol __imp_glutKeyboardFunc referenced in function main
shaderDemo.obj : error LNK2019: unresolved external symbol __imp_glutReshapeFunc referenced in function main
shaderDemo.obj : error LNK2019: unresolved external symbol __imp_glutDisplayFunc referenced in function main
shaderDemo.obj : error LNK2019: unresolved external symbol __imp_glutMouseFunc referenced in function main
shaderDemo.obj : error LNK2019: unresolved external symbol __imp_glutMotionFunc referenced in function main
shaderDemo.obj : error LNK2019: unresolved external symbol __imp___glutInitWithExit referenced in function glutInit_ATEXIT_HACK
shaderDemo.obj : error LNK2019: unresolved external symbol __imp___glutCreateWindowWithExit referenced in function glutCreateWindow_ATEXIT_HACK
shaderDemo.obj : error LNK2019: unresolved external symbol __imp_glutLeaveMainLoop referenced in function "void __cdecl processKeys(unsigned char,int,int)" (?processKeys@@YAXEHH@Z)
shaderDemo.obj : error LNK2019: unresolved external symbol __imp_glutMouseWheelFunc referenced in function main
shaderDemo.obj : error LNK2019: unresolved external symbol __imp_glutSetOption referenced in function main
shaderDemo.obj : error LNK2019: unresolved external symbol __imp_glutInitContextVersion referenced in function main
shaderDemo.obj : error LNK2019: unresolved external symbol __imp_glutInitContextFlags referenced in function main
shaderDemo.obj : error LNK2019: unresolved external symbol __imp_glutInitContextProfile referenced in function main
shaderDemo.obj : error LNK2001: unresolved external symbol __imp___glewBindBuffer
vsShaderLib.obj : error LNK2001: unresolved external symbol __imp___glewBindBuffer
shaderDemo.obj : error LNK2001: unresolved external symbol __imp___glewBufferData
vsShaderLib.obj : error LNK2001: unresolved external symbol __imp___glewBufferData
shaderDemo.obj : error LNK2001: unresolved external symbol __imp___glewGenBuffers
vsShaderLib.obj : error LNK2001: unresolved external symbol __imp___glewGenBuffers
shaderDemo.obj : error LNK2001: unresolved external symbol __imp___glewEnableVertexAttribArray
shaderDemo.obj : error LNK2001: unresolved external symbol __imp___glewUseProgram
shaderDemo.obj : error LNK2001: unresolved external symbol __imp___glewVertexAttribPointer
shaderDemo.obj : error LNK2001: unresolved external symbol __imp___glewBindVertexArray
shaderDemo.obj : error LNK2001: unresolved external symbol __imp___glewGenVertexArrays
shaderDemo.obj : error LNK2001: unresolved external symbol __imp_glewExperimental
vsMathLib.obj : error LNK2001: unresolved external symbol __imp___glewGetUniformLocation
vsShaderLib.obj : error LNK2001: unresolved external symbol __imp___glewGetUniformLocation
vsMathLib.obj : error LNK2001: unresolved external symbol __imp___glewProgramUniformMatrix3fv
vsShaderLib.obj : error LNK2001: unresolved external symbol __imp___glewProgramUniformMatrix3fv
vsMathLib.obj : error LNK2001: unresolved external symbol __imp___glewProgramUniformMatrix4fv
vsShaderLib.obj : error LNK2001: unresolved external symbol __imp___glewProgramUniformMatrix4fv
vsShaderLib.obj : error LNK2001: unresolved external symbol __imp___glewBufferSubData
vsShaderLib.obj : error LNK2001: unresolved external symbol __imp___glewAttachShader
vsShaderLib.obj : error LNK2001: unresolved external symbol __imp___glewBindAttribLocation
vsShaderLib.obj : error LNK2001: unresolved external symbol __imp___glewCompileShader
vsShaderLib.obj : error LNK2001: unresolved external symbol __imp___glewCreateProgram
vsShaderLib.obj : error LNK2001: unresolved external symbol __imp___glewCreateShader
vsShaderLib.obj : error LNK2001: unresolved external symbol __imp___glewDeleteProgram
vsShaderLib.obj : error LNK2001: unresolved external symbol __imp___glewDeleteShader
vsShaderLib.obj : error LNK2001: unresolved external symbol __imp___glewGetActiveUniform
vsShaderLib.obj : error LNK2001: unresolved external symbol __imp___glewGetProgramInfoLog
vsShaderLib.obj : error LNK2001: unresolved external symbol __imp___glewGetProgramiv
vsShaderLib.obj : error LNK2001: unresolved external symbol __imp___glewGetShaderInfoLog
vsShaderLib.obj : error LNK2001: unresolved external symbol __imp___glewGetShaderiv
vsShaderLib.obj : error LNK2001: unresolved external symbol __imp___glewLinkProgram
vsShaderLib.obj : error LNK2001: unresolved external symbol __imp___glewShaderSource
vsShaderLib.obj : error LNK2001: unresolved external symbol __imp___glewValidateProgram
vsShaderLib.obj : error LNK2001: unresolved external symbol __imp___glewBindFragDataLocation
vsShaderLib.obj : error LNK2001: unresolved external symbol __imp___glewGetFragDataLocation
vsShaderLib.obj : error LNK2001: unresolved external symbol __imp___glewProgramUniform1dv
vsShaderLib.obj : error LNK2001: unresolved external symbol __imp___glewProgramUniform1f
vsShaderLib.obj : error LNK2001: unresolved external symbol __imp___glewProgramUniform1fv
vsShaderLib.obj : error LNK2001: unresolved external symbol __imp___glewProgramUniform1i
vsShaderLib.obj : error LNK2001: unresolved external symbol __imp___glewProgramUniform1iv
vsShaderLib.obj : error LNK2001: unresolved external symbol __imp___glewProgramUniform1uiv
vsShaderLib.obj : error LNK2001: unresolved external symbol __imp___glewProgramUniform2dv
vsShaderLib.obj : error LNK2001: unresolved external symbol __imp___glewProgramUniform2fv
vsShaderLib.obj : error LNK2001: unresolved external symbol __imp___glewProgramUniform2iv
vsShaderLib.obj : error LNK2001: unresolved external symbol __imp___glewProgramUniform2uiv
vsShaderLib.obj : error LNK2001: unresolved external symbol __imp___glewProgramUniform3dv
vsShaderLib.obj : error LNK2001: unresolved external symbol __imp___glewProgramUniform3fv
vsShaderLib.obj : error LNK2001: unresolved external symbol __imp___glewProgramUniform3iv
vsShaderLib.obj : error LNK2001: unresolved external symbol __imp___glewProgramUniform3uiv
vsShaderLib.obj : error LNK2001: unresolved external symbol __imp___glewProgramUniform4dv
vsShaderLib.obj : error LNK2001: unresolved external symbol __imp___glewProgramUniform4fv
vsShaderLib.obj : error LNK2001: unresolved external symbol __imp___glewProgramUniform4iv
vsShaderLib.obj : error LNK2001: unresolved external symbol __imp___glewProgramUniform4uiv
vsShaderLib.obj : error LNK2001: unresolved external symbol __imp___glewProgramUniformMatrix2dv
vsShaderLib.obj : error LNK2001: unresolved external symbol __imp___glewProgramUniformMatrix2fv
vsShaderLib.obj : error LNK2001: unresolved external symbol __imp___glewProgramUniformMatrix2x3dv
vsShaderLib.obj : error LNK2001: unresolved external symbol __imp___glewProgramUniformMatrix2x3fv
vsShaderLib.obj : error LNK2001: unresolved external symbol __imp___glewProgramUniformMatrix2x4dv
vsShaderLib.obj : error LNK2001: unresolved external symbol __imp___glewProgramUniformMatrix2x4fv
vsShaderLib.obj : error LNK2001: unresolved external symbol __imp___glewProgramUniformMatrix3dv
vsShaderLib.obj : error LNK2001: unresolved external symbol __imp___glewProgramUniformMatrix3x2dv
vsShaderLib.obj : error LNK2001: unresolved external symbol __imp___glewProgramUniformMatrix3x2fv
vsShaderLib.obj : error LNK2001: unresolved external symbol __imp___glewProgramUniformMatrix3x4dv
vsShaderLib.obj : error LNK2001: unresolved external symbol __imp___glewProgramUniformMatrix3x4fv
vsShaderLib.obj : error LNK2001: unresolved external symbol __imp___glewProgramUniformMatrix4dv
vsShaderLib.obj : error LNK2001: unresolved external symbol __imp___glewProgramUniformMatrix4x2dv
vsShaderLib.obj : error LNK2001: unresolved external symbol __imp___glewProgramUniformMatrix4x2fv
vsShaderLib.obj : error LNK2001: unresolved external symbol __imp___glewProgramUniformMatrix4x3dv
vsShaderLib.obj : error LNK2001: unresolved external symbol __imp___glewProgramUniformMatrix4x3fv
vsShaderLib.obj : error LNK2001: unresolved external symbol __imp___glewBindBufferRange
vsShaderLib.obj : error LNK2001: unresolved external symbol __imp___glewGetActiveUniformBlockName
vsShaderLib.obj : error LNK2001: unresolved external symbol __imp___glewGetActiveUniformBlockiv
vsShaderLib.obj : error LNK2001: unresolved external symbol __imp___glewGetActiveUniformName
vsShaderLib.obj : error LNK2001: unresolved external symbol __imp___glewGetActiveUniformsiv
vsShaderLib.obj : error LNK2001: unresolved external symbol __imp___glewUniformBlockBinding
C:\Users\lukas\Documents\CGE\project\Fovea\Dependencies\freeglut.lib : warning LNK4272: library machine type 'x86' conflicts with target machine type 'x64'
C:\Users\lukas\Documents\CGE\project\Fovea\Dependencies\glew32s.lib : warning LNK4272: library machine type 'x86' conflicts with target machine type 'x64'
C:\Users\lukas\Documents\CGE\project\Fovea\Dependencies\glew32.lib : warning LNK4272: library machine type 'x86' conflicts with target machine type 'x64'
C:\Users\lukas\Documents\CGE\project\Fovea\Dependencies\glfw3.lib : warning LNK4272: library machine type 'x86' conflicts with target machine type 'x64'
C:\Users\lukas\Documents\CGE\project\Fovea\x64\Debug\Fovea.exe : fatal error LNK1120: 90 unresolved externals
