d:\bif_s4_ss_2020\ecg\project\fovea\fovea\debug\vc142.pdb
d:\bif_s4_ss_2020\ecg\project\fovea\fovea\debug\vc142.idb
d:\bif_s4_ss_2020\ecg\project\fovea\fovea\debug\source.obj
d:\bif_s4_ss_2020\ecg\project\fovea\fovea\debug\first.obj
d:\bif_s4_ss_2020\ecg\project\fovea\fovea\debug\02.obj
d:\bif_s4_ss_2020\ecg\project\fovea\fovea\debug\tga.obj
d:\bif_s4_ss_2020\ecg\project\fovea\fovea\debug\foo.obj
d:\bif_s4_ss_2020\ecg\project\fovea\fovea\debug\shaderdemo.obj
d:\bif_s4_ss_2020\ecg\project\fovea\fovea\debug\vsshaderlib.obj
d:\bif_s4_ss_2020\ecg\project\fovea\fovea\debug\vsmathlib.obj
d:\bif_s4_ss_2020\ecg\project\fovea\debug\fovea.ilk
d:\bif_s4_ss_2020\ecg\project\fovea\debug\fovea.exe
d:\bif_s4_ss_2020\ecg\project\fovea\debug\fovea.pdb
d:\bif_s4_ss_2020\ecg\project\fovea\fovea\debug\fovea.tlog\cl.command.1.tlog
d:\bif_s4_ss_2020\ecg\project\fovea\fovea\debug\fovea.tlog\cl.read.1.tlog
d:\bif_s4_ss_2020\ecg\project\fovea\fovea\debug\fovea.tlog\cl.write.1.tlog
d:\bif_s4_ss_2020\ecg\project\fovea\fovea\debug\fovea.tlog\link-cvtres.read.1.tlog
d:\bif_s4_ss_2020\ecg\project\fovea\fovea\debug\fovea.tlog\link-cvtres.write.1.tlog
d:\bif_s4_ss_2020\ecg\project\fovea\fovea\debug\fovea.tlog\link-rc.read.1.tlog
d:\bif_s4_ss_2020\ecg\project\fovea\fovea\debug\fovea.tlog\link-rc.write.1.tlog
d:\bif_s4_ss_2020\ecg\project\fovea\fovea\debug\fovea.tlog\link.16812-cvtres.read.1.tlog
d:\bif_s4_ss_2020\ecg\project\fovea\fovea\debug\fovea.tlog\link.16812-cvtres.write.1.tlog
d:\bif_s4_ss_2020\ecg\project\fovea\fovea\debug\fovea.tlog\link.16812-rc.read.1.tlog
d:\bif_s4_ss_2020\ecg\project\fovea\fovea\debug\fovea.tlog\link.16812-rc.write.1.tlog
d:\bif_s4_ss_2020\ecg\project\fovea\fovea\debug\fovea.tlog\link.16812.read.1.tlog
d:\bif_s4_ss_2020\ecg\project\fovea\fovea\debug\fovea.tlog\link.16812.write.1.tlog
d:\bif_s4_ss_2020\ecg\project\fovea\fovea\debug\fovea.tlog\link.command.1.tlog
d:\bif_s4_ss_2020\ecg\project\fovea\fovea\debug\fovea.tlog\link.read.1.tlog
d:\bif_s4_ss_2020\ecg\project\fovea\fovea\debug\fovea.tlog\link.write.1.tlog
